# JRE version: Java(TM) SE Runtime Environment (17.0.10+11) (build 17.0.10+11-LTS-240)
# Java VM: Java HotSpot(TM) 64-Bit Server VM (17.0.10+11-LTS-240, mixed mode, emulated-client, sharing, tiered, compressed oops, compressed class ptrs, g1 gc, windows-amd64)
GC Precious Log:
 CPUs: 8 total, 8 available
 Memory: 8067M
 Large Page Support: Disabled
 NUMA Support: Disabled
 Compressed Oops: Enabled (32-bit)
 Heap Region Size: 1M
 Heap Min Capacity: 8M
 Heap Initial Capacity: 128M
 Heap Max Capacity: 2018M
 Pre-touch: Disabled
 Parallel Workers: 8
 Concurrent Workers: 2
 Concurrent Refinement Workers: 8
 Periodic GC: Disabled
Heap:
 garbage-first heap   total 80896K, used 30050K [0x0000000081e00000, 0x0000000100000000)
  region size 1024K, 2 young (2048K), 2 survivors (2048K)
 Metaspace       used 42347K, committed 42688K, reserved 1114112K
  class space    used 5658K, committed 5824K, reserved 1048576K
GC Heap History (20 events):
Event: 6.187 GC heap after
{Heap after GC invocations=7 (full 0):
 garbage-first heap   total 61440K, used 18641K [0x0000000081e00000, 0x0000000100000000)
  region size 1024K, 1 young (1024K), 1 survivors (1024K)
 Metaspace       used 23832K, committed 24192K, reserved 1114112K
  class space    used 3284K, committed 3456K, reserved 1048576K
}
Event: 6.928 GC heap before
{Heap before GC invocations=7 (full 0):
 garbage-first heap   total 61440K, used 41169K [0x0000000081e00000, 0x0000000100000000)
  region size 1024K, 23 young (23552K), 1 survivors (1024K)
 Metaspace       used 27299K, committed 27648K, reserved 1114112K
  class space    used 3797K, committed 3968K, reserved 1048576K
}
Event: 6.930 GC heap after
{Heap after GC invocations=8 (full 0):
 garbage-first heap   total 61440K, used 19222K [0x0000000081e00000, 0x0000000100000000)
  region size 1024K, 2 young (2048K), 2 survivors (2048K)
 Metaspace       used 27299K, committed 27648K, reserved 1114112K
  class space    used 3797K, committed 3968K, reserved 1048576K
}
Event: 7.649 GC heap before
{Heap before GC invocations=8 (full 0):
 garbage-first heap   total 61440K, used 42774K [0x0000000081e00000, 0x0000000100000000)
  region size 1024K, 25 young (25600K), 2 survivors (2048K)
 Metaspace       used 29996K, committed 30336K, reserved 1114112K
  class space    used 4236K, committed 4416K, reserved 1048576K
}
Event: 7.652 GC heap after
{Heap after GC invocations=9 (full 0):
 garbage-first heap   total 61440K, used 21628K [0x0000000081e00000, 0x0000000100000000)
  region size 1024K, 4 young (4096K), 4 survivors (4096K)
 Metaspace       used 29996K, committed 30336K, reserved 1114112K
  class space    used 4236K, committed 4416K, reserved 1048576K
}
Event: 8.123 GC heap before
{Heap before GC invocations=9 (full 0):
 garbage-first heap   total 61440K, used 44156K [0x0000000081e00000, 0x0000000100000000)
  region size 1024K, 26 young (26624K), 4 survivors (4096K)
 Metaspace       used 32416K, committed 32704K, reserved 1114112K
  class space    used 4486K, committed 4608K, reserved 1048576K
}
Event: 8.130 GC heap after
{Heap after GC invocations=10 (full 0):
 garbage-first heap   total 61440K, used 23150K [0x0000000081e00000, 0x0000000100000000)
  region size 1024K, 2 young (2048K), 2 survivors (2048K)
 Metaspace       used 32416K, committed 32704K, reserved 1114112K
  class space    used 4486K, committed 4608K, reserved 1048576K
}
Event: 8.730 GC heap before
{Heap before GC invocations=10 (full 0):
 garbage-first heap   total 61440K, used 45678K [0x0000000081e00000, 0x0000000100000000)
  region size 1024K, 24 young (24576K), 2 survivors (2048K)
 Metaspace       used 35056K, committed 35392K, reserved 1114112K
  class space    used 4807K, committed 4992K, reserved 1048576K
}
Event: 8.733 GC heap after
{Heap after GC invocations=11 (full 0):
 garbage-first heap   total 61440K, used 25155K [0x0000000081e00000, 0x0000000100000000)
  region size 1024K, 3 young (3072K), 3 survivors (3072K)
 Metaspace       used 35056K, committed 35392K, reserved 1114112K
  class space    used 4807K, committed 4992K, reserved 1048576K
}
Event: 8.929 GC heap before
{Heap before GC invocations=11 (full 0):
 garbage-first heap   total 61440K, used 39491K [0x0000000081e00000, 0x0000000100000000)
  region size 1024K, 18 young (18432K), 3 survivors (3072K)
 Metaspace       used 35658K, committed 35968K, reserved 1114112K
  class space    used 4864K, committed 5056K, reserved 1048576K
}
Event: 8.932 GC heap after
{Heap after GC invocations=12 (full 0):
 garbage-first heap   total 61440K, used 26039K [0x0000000081e00000, 0x0000000100000000)
  region size 1024K, 1 young (1024K), 1 survivors (1024K)
 Metaspace       used 35658K, committed 35968K, reserved 1114112K
  class space    used 4864K, committed 5056K, reserved 1048576K
}
Event: 10.347 GC heap before
{Heap before GC invocations=13 (full 0):
 garbage-first heap   total 61440K, used 46519K [0x0000000081e00000, 0x0000000100000000)
  region size 1024K, 22 young (22528K), 1 survivors (1024K)
 Metaspace       used 41497K, committed 41856K, reserved 1114112K
  class space    used 5591K, committed 5760K, reserved 1048576K
}
Event: 10.349 GC heap after
{Heap after GC invocations=14 (full 0):
 garbage-first heap   total 61440K, used 28099K [0x0000000081e00000, 0x0000000100000000)
  region size 1024K, 3 young (3072K), 3 survivors (3072K)
 Metaspace       used 41497K, committed 41856K, reserved 1114112K
  class space    used 5591K, committed 5760K, reserved 1048576K
}
Event: 10.497 GC heap before
{Heap before GC invocations=15 (full 0):
 garbage-first heap   total 61440K, used 46531K [0x0000000081e00000, 0x0000000100000000)
  region size 1024K, 22 young (22528K), 3 survivors (3072K)
 Metaspace       used 41785K, committed 42048K, reserved 1114112K
  class space    used 5623K, committed 5760K, reserved 1048576K
}
Event: 10.499 GC heap after
{Heap after GC invocations=16 (full 0):
 garbage-first heap   total 61440K, used 28515K [0x0000000081e00000, 0x0000000100000000)
  region size 1024K, 1 young (1024K), 1 survivors (1024K)
 Metaspace       used 41785K, committed 42048K, reserved 1114112K
  class space    used 5623K, committed 5760K, reserved 1048576K
}
Event: 10.602 GC heap before
{Heap before GC invocations=16 (full 0):
 garbage-first heap   total 61440K, used 47971K [0x0000000081e00000, 0x0000000100000000)
  region size 1024K, 20 young (20480K), 1 survivors (1024K)
 Metaspace       used 42004K, committed 42304K, reserved 1114112K
  class space    used 5635K, committed 5760K, reserved 1048576K
}
Event: 10.603 GC heap after
{Heap after GC invocations=17 (full 0):
 garbage-first heap   total 61440K, used 29045K [0x0000000081e00000, 0x0000000100000000)
  region size 1024K, 2 young (2048K), 2 survivors (2048K)
 Metaspace       used 42004K, committed 42304K, reserved 1114112K
  class space    used 5635K, committed 5760K, reserved 1048576K
}
Event: 10.710 GC heap before
{Heap before GC invocations=18 (full 0):
 garbage-first heap   total 63488K, used 47477K [0x0000000081e00000, 0x0000000100000000)
  region size 1024K, 21 young (21504K), 2 survivors (2048K)
 Metaspace       used 42098K, committed 42432K, reserved 1114112K
  class space    used 5640K, committed 5824K, reserved 1048576K
}
Event: 10.712 GC heap after
{Heap after GC invocations=19 (full 0):
 garbage-first heap   total 63488K, used 29597K [0x0000000081e00000, 0x0000000100000000)
  region size 1024K, 2 young (2048K), 2 survivors (2048K)
 Metaspace       used 42098K, committed 42432K, reserved 1114112K
  class space    used 5640K, committed 5824K, reserved 1048576K
}
Event: 10.853 GC heap before
{Heap before GC invocations=19 (full 0):
 garbage-first heap   total 63488K, used 50077K [0x0000000081e00000, 0x0000000100000000)
  region size 1024K, 23 young (23552K), 2 survivors (2048K)
 Metaspace       used 42347K, committed 42688K, reserved 1114112K
  class space    used 5658K, committed 5824K, reserved 1048576K
}

