# JRE version: Java(TM) SE Runtime Environment (17.0.10+11) (build 17.0.10+11-LTS-240)
# Java VM: Java HotSpot(TM) 64-Bit Server VM (17.0.10+11-LTS-240, mixed mode, emulated-client, sharing, tiered, compressed oops, compressed class ptrs, g1 gc, windows-amd64)
GC Precious Log:
 CPUs: 8 total, 8 available
 Memory: 8067M
 Large Page Support: Disabled
 NUMA Support: Disabled
 Compressed Oops: Enabled (32-bit)
 Heap Region Size: 1M
 Heap Min Capacity: 8M
 Heap Initial Capacity: 128M
 Heap Max Capacity: 2018M
 Pre-touch: Disabled
 Parallel Workers: 8
 Concurrent Workers: 2
 Concurrent Refinement Workers: 8
 Periodic GC: Disabled
Heap:
 garbage-first heap   total 157696K, used 75870K [0x0000000081e00000, 0x0000000100000000)
  region size 1024K, 1 young (1024K), 1 survivors (1024K)
 Metaspace       used 59576K, committed 60160K, reserved 1114112K
  class space    used 7709K, committed 8000K, reserved 1048576K
GC Heap History (20 events):
Event: 2105.425 GC heap after
{Heap after GC invocations=68 (full 6):
 garbage-first heap   total 157696K, used 66711K [0x0000000081e00000, 0x0000000100000000)
  region size 1024K, 5 young (5120K), 5 survivors (5120K)
 Metaspace       used 57679K, committed 58176K, reserved 1114112K
  class space    used 7573K, committed 7808K, reserved 1048576K
}
Event: 2106.680 GC heap before
{Heap before GC invocations=68 (full 6):
 garbage-first heap   total 157696K, used 127127K [0x0000000081e00000, 0x0000000100000000)
  region size 1024K, 64 young (65536K), 5 survivors (5120K)
 Metaspace       used 57911K, committed 58432K, reserved 1114112K
  class space    used 7586K, committed 7808K, reserved 1048576K
}
Event: 2106.685 GC heap after
{Heap after GC invocations=69 (full 6):
 garbage-first heap   total 157696K, used 68400K [0x0000000081e00000, 0x0000000100000000)
  region size 1024K, 6 young (6144K), 6 survivors (6144K)
 Metaspace       used 57911K, committed 58432K, reserved 1114112K
  class space    used 7586K, committed 7808K, reserved 1048576K
}
Event: 2107.012 GC heap before
{Heap before GC invocations=69 (full 6):
 garbage-first heap   total 157696K, used 128816K [0x0000000081e00000, 0x0000000100000000)
  region size 1024K, 65 young (66560K), 6 survivors (6144K)
 Metaspace       used 58339K, committed 58880K, reserved 1114112K
  class space    used 7609K, committed 7872K, reserved 1048576K
}
Event: 2107.034 GC heap after
{Heap after GC invocations=70 (full 6):
 garbage-first heap   total 157696K, used 70184K [0x0000000081e00000, 0x0000000100000000)
  region size 1024K, 4 young (4096K), 4 survivors (4096K)
 Metaspace       used 58339K, committed 58880K, reserved 1114112K
  class space    used 7609K, committed 7872K, reserved 1048576K
}
Event: 2107.785 GC heap before
{Heap before GC invocations=70 (full 6):
 garbage-first heap   total 157696K, used 129576K [0x0000000081e00000, 0x0000000100000000)
  region size 1024K, 62 young (63488K), 4 survivors (4096K)
 Metaspace       used 58556K, committed 59072K, reserved 1114112K
  class space    used 7627K, committed 7872K, reserved 1048576K
}
Event: 2107.790 GC heap after
{Heap after GC invocations=71 (full 6):
 garbage-first heap   total 157696K, used 72846K [0x0000000081e00000, 0x0000000100000000)
  region size 1024K, 7 young (7168K), 7 survivors (7168K)
 Metaspace       used 58556K, committed 59072K, reserved 1114112K
  class space    used 7627K, committed 7872K, reserved 1048576K
}
Event: 2129.195 GC heap before
{Heap before GC invocations=71 (full 6):
 garbage-first heap   total 157696K, used 80014K [0x0000000081e00000, 0x0000000100000000)
  region size 1024K, 15 young (15360K), 7 survivors (7168K)
 Metaspace       used 58559K, committed 59072K, reserved 1114112K
  class space    used 7627K, committed 7872K, reserved 1048576K
}
Event: 2129.293 GC heap after
{Heap after GC invocations=72 (full 7):
 garbage-first heap   total 157696K, used 68180K [0x0000000081e00000, 0x0000000100000000)
  region size 1024K, 0 young (0K), 0 survivors (0K)
 Metaspace       used 58535K, committed 59072K, reserved 1114112K
  class space    used 7624K, committed 7872K, reserved 1048576K
}
Event: 2131.832 GC heap before
{Heap before GC invocations=72 (full 7):
 garbage-first heap   total 157696K, used 128596K [0x0000000081e00000, 0x0000000100000000)
  region size 1024K, 60 young (61440K), 0 survivors (0K)
 Metaspace       used 58807K, committed 59392K, reserved 1114112K
  class space    used 7667K, committed 7936K, reserved 1048576K
}
Event: 2131.850 GC heap after
{Heap after GC invocations=73 (full 7):
 garbage-first heap   total 157696K, used 72276K [0x0000000081e00000, 0x0000000100000000)
  region size 1024K, 4 young (4096K), 4 survivors (4096K)
 Metaspace       used 58807K, committed 59392K, reserved 1114112K
  class space    used 7667K, committed 7936K, reserved 1048576K
}
Event: 2133.232 GC heap before
{Heap before GC invocations=74 (full 7):
 garbage-first heap   total 157696K, used 128596K [0x0000000081e00000, 0x0000000100000000)
  region size 1024K, 59 young (60416K), 4 survivors (4096K)
 Metaspace       used 58957K, committed 59520K, reserved 1114112K
  class space    used 7677K, committed 7936K, reserved 1048576K
}
Event: 2133.236 GC heap after
{Heap after GC invocations=75 (full 7):
 garbage-first heap   total 157696K, used 74035K [0x0000000081e00000, 0x0000000100000000)
  region size 1024K, 6 young (6144K), 6 survivors (6144K)
 Metaspace       used 58957K, committed 59520K, reserved 1114112K
  class space    used 7677K, committed 7936K, reserved 1048576K
}
Event: 2133.497 GC heap before
{Heap before GC invocations=75 (full 7):
 garbage-first heap   total 157696K, used 129331K [0x0000000081e00000, 0x0000000100000000)
  region size 1024K, 60 young (61440K), 6 survivors (6144K)
 Metaspace       used 59335K, committed 59840K, reserved 1114112K
  class space    used 7696K, committed 7936K, reserved 1048576K
}
Event: 2135.861 GC heap after
{Heap after GC invocations=76 (full 7):
 garbage-first heap   total 157696K, used 75533K [0x0000000081e00000, 0x0000000100000000)
  region size 1024K, 4 young (4096K), 4 survivors (4096K)
 Metaspace       used 59335K, committed 59840K, reserved 1114112K
  class space    used 7696K, committed 7936K, reserved 1048576K
}
Event: 2135.889 GC heap before
{Heap before GC invocations=76 (full 7):
 garbage-first heap   total 157696K, used 77581K [0x0000000081e00000, 0x0000000100000000)
  region size 1024K, 7 young (7168K), 4 survivors (4096K)
 Metaspace       used 59471K, committed 60096K, reserved 1114112K
  class space    used 7704K, committed 8000K, reserved 1048576K
}
Event: 2135.893 GC heap after
{Heap after GC invocations=77 (full 7):
 garbage-first heap   total 157696K, used 75789K [0x0000000081e00000, 0x0000000100000000)
  region size 1024K, 1 young (1024K), 1 survivors (1024K)
 Metaspace       used 59471K, committed 60096K, reserved 1114112K
  class space    used 7704K, committed 8000K, reserved 1048576K
}
Event: 2135.914 GC heap before
{Heap before GC invocations=77 (full 7):
 garbage-first heap   total 157696K, used 80909K [0x0000000081e00000, 0x0000000100000000)
  region size 1024K, 7 young (7168K), 1 survivors (1024K)
 Metaspace       used 59471K, committed 60096K, reserved 1114112K
  class space    used 7704K, committed 8000K, reserved 1048576K
}
Event: 2135.915 GC heap after
{Heap after GC invocations=78 (full 7):
 garbage-first heap   total 157696K, used 75452K [0x0000000081e00000, 0x0000000100000000)
  region size 1024K, 1 young (1024K), 1 survivors (1024K)
 Metaspace       used 59471K, committed 60096K, reserved 1114112K
  class space    used 7704K, committed 8000K, reserved 1048576K
}
Event: 2135.997 GC heap before
{Heap before GC invocations=78 (full 7):
 garbage-first heap   total 157696K, used 85692K [0x0000000081e00000, 0x0000000100000000)
  region size 1024K, 12 young (12288K), 1 survivors (1024K)
 Metaspace       used 59576K, committed 60160K, reserved 1114112K
  class space    used 7709K, committed 8000K, reserved 1048576K
}

